0 info it worked if it ends with ok
1 verbose cli [ 'G:\\Nodejs\\node.exe',
1 verbose cli   'G:\\Nodejs\\node_modules\\npm\\bin\\npm-cli.js',
1 verbose cli   'start' ]
2 info using npm@2.15.11
3 info using node@v4.9.0
4 verbose run-script [ 'prestart', 'start', 'poststart' ]
5 info prestart projeto-galeria@1.0.0
6 info start projeto-galeria@1.0.0
7 verbose unsafe-perm in lifecycle true
8 info projeto-galeria@1.0.0 Failed to exec start script
9 verbose stack Error: projeto-galeria@1.0.0 start: `webpack-dev-server`
9 verbose stack Exit status 1
9 verbose stack     at EventEmitter.<anonymous> (G:\nvm\v4.9.0\node_modules\npm\lib\utils\lifecycle.js:217:16)
9 verbose stack     at emitTwo (events.js:87:13)
9 verbose stack     at EventEmitter.emit (events.js:172:7)
9 verbose stack     at ChildProcess.<anonymous> (G:\nvm\v4.9.0\node_modules\npm\lib\utils\spawn.js:24:14)
9 verbose stack     at emitTwo (events.js:87:13)
9 verbose stack     at ChildProcess.emit (events.js:172:7)
9 verbose stack     at maybeClose (internal/child_process.js:862:16)
9 verbose stack     at Process.ChildProcess._handle.onexit (internal/child_process.js:222:5)
10 verbose pkgid projeto-galeria@1.0.0
11 verbose cwd G:\TCC
12 error Windows_NT 10.0.22621
13 error argv "G:\\Nodejs\\node.exe" "G:\\Nodejs\\node_modules\\npm\\bin\\npm-cli.js" "start"
14 error node v4.9.0
15 error npm  v2.15.11
16 error code ELIFECYCLE
17 error projeto-galeria@1.0.0 start: `webpack-dev-server`
17 error Exit status 1
18 error Failed at the projeto-galeria@1.0.0 start script 'webpack-dev-server'.
18 error This is most likely a problem with the projeto-galeria package,
18 error not with npm itself.
18 error Tell the author that this fails on your system:
18 error     webpack-dev-server
18 error You can get information on how to open an issue for this project with:
18 error     npm bugs projeto-galeria
18 error Or if that isn't available, you can get their info via:
18 error
18 error     npm owner ls projeto-galeria
18 error There is likely additional logging output above.
19 verbose exit [ 1, true ]
